


          SolidWorks Corporation - STEP Processor Error Log
          ______________________________________________________

                       STEP Post Processor
                       ___________________


STEP File Name: C:\YandexDisk\@3D\graver\rot\2.5inch+Three+Jaw+Chuck\files\Chuck.stp



Error: Entity type not supported.
STEP-in did not complete successfully.

Error: Entity type not supported.
STEP-in did not complete successfully.

Error: Entity type not supported.
STEP-in did not complete successfully.

Error: Entity type not supported.
STEP-in did not complete successfully.

Error: Entity type not supported.
STEP-in did not complete successfully.

Error: Entity type not supported.
STEP-in did not complete successfully.

Error: Entity type not supported.
STEP-in did not complete successfully.

Error: Entity type not supported.
STEP-in did not complete successfully.

Error: Entity type not supported.
STEP-in did not complete successfully.

Error: Entity type not supported.
STEP-in did not complete successfully.

Error: Entity type not supported.
STEP-in did not complete successfully.

Error: Entity type not supported.
STEP-in did not complete successfully.
WARNING: Surface problem...Trimmed surface constructor could not converge to solution.
Surfaces successfully processed into a solid body.
STEP-in completed.
Error: Unable to create solid from trimmed surfaces.
STEP-in did not complete successfully.
Surfaces successfully processed into a solid body.
STEP-in completed.Surfaces successfully processed into a solid body.
STEP-in completed.Surfaces successfully processed into a solid body.
STEP-in completed.Surfaces successfully processed into a solid body.
STEP-in completed.Surfaces successfully processed into a solid body.
STEP-in completed.